Aug 25 - 08:19:59 AM] [WARN] [Microsoft.AspNetCore.Server.Kestrel] Overriding address(es) 'https://localhost:9999'. Binding to endpoints defined in UseKestrel() instead.
[Aug 25 - 08:19:59 AM] [INFO] [Microsoft.Hosting.Lifetime] Now listening on: http://[::]:9999
[Aug 25 - 08:19:59 AM] [INFO] [Microsoft.Hosting.Lifetime] Application started. Press Ctrl+C to shut down.
[Aug 25 - 08:19:59 AM] [INFO] [Microsoft.Hosting.Lifetime] Hosting environment: Development
[Aug 25 - 08:19:59 AM] [INFO] [Microsoft.Hosting.Lifetime] Content root path: D:\Development\WEBDEV\Personal\ImagineBreaker\ImagineBreaker.Server
[Aug 25 - 08:20:59 AM] [USGU] [PerformanceManager] Current Usage -=- Memory: 60.5MB =-= CPU: 5.19%
[Aug 25 - 08:21:23 AM] [INFO] [Microsoft.Hosting.Lifetime] Application is shutting down...
[Aug 25 - 08:21:23 AM] [WARN] [Microsoft.AspNetCore.Server.Kestrel] Overriding address(es) 'https://localhost:9999'. Binding to endpoints defined in UseKestrel() instead.
[Aug 25 - 08:21:23 AM] [INFO] [Microsoft.Hosting.Lifetime] Now listening on: http://[::]:9999
[Aug 25 - 08:21:23 AM] [INFO] [Microsoft.Hosting.Lifetime] Application started. Press Ctrl+C to shut down.
[Aug 25 - 08:21:23 AM] [INFO] [Microsoft.Hosting.Lifetime] Hosting environment: Development
[Aug 25 - 08:21:23 AM] [INFO] [Microsoft.Hosting.Lifetime] Content root path: D:\Development\WEBDEV\Personal\ImagineBreaker\ImagineBreaker.Server
[Aug 25 - 08:21:33 AM] [INFO] [Microsoft.Hosting.Lifetime] Application is shutting down...
[Aug 25 - 08:21:48 AM] [WARN] [Microsoft.AspNetCore.Server.Kestrel] Overriding address(es) 'https://localhost:9999'. Binding to endpoints defined in UseKestrel() instead.
[Aug 25 - 08:21:48 AM] [INFO] [Microsoft.Hosting.Lifetime] Now listening on: http://[::]:9999
[Aug 25 - 08:21:48 AM] [INFO] [Microsoft.Hosting.Lifetime] Application started. Press Ctrl+C to shut down.
[Aug 25 - 08:21:48 AM] [INFO] [Microsoft.Hosting.Lifetime] Hosting environment: Development
[Aug 25 - 08:21:48 AM] [INFO] [Microsoft.Hosting.Lifetime] Content root path: D:\Development\WEBDEV\Personal\ImagineBreaker\ImagineBreaker.Server
[Aug 25 - 08:22:48 AM] [USGU] [PerformanceManager] Current Usage -=- Memory: 86.6MB =-= CPU: 0.00%
[Aug 25 - 08:23:25 AM] [INFO] [Microsoft.AspNetCore.Hosting.Diagnostics] Request starting HTTP/1.1 GET http://localhost:9999/api/fun/slap?target=https://cdn.discordapp.com/avatars/139836912335716352/8da878f5b5f1e418f1cf72da078e9827.webp?size=2048&invoker=https://cdn.discordapp.com/avatars/126321762483830785/a_325dbf5c4d6eef61bc9996616dc391f8.gif?size=2048  
[Aug 25 - 08:23:25 AM] [WARN] [Microsoft.AspNetCore.HttpsPolicy.HttpsRedirectionMiddleware] Failed to determine the https port for redirect.
[Aug 25 - 08:23:25 AM] [INFO] [Microsoft.AspNetCore.Routing.EndpointMiddleware] Executing endpoint 'ImagineBreaker.Server.Controllers.FunController.GetSlap (ImagineBreaker.Server)'
[Aug 25 - 08:23:25 AM] [INFO] [Microsoft.AspNetCore.Mvc.Infrastructure.ControllerActionInvoker] Route matched with {action = "GetSlap", controller = "Fun"}. Executing controller action with signature System.Threading.Tasks.Task`1[Microsoft.AspNetCore.Mvc.ActionResult`1[System.String]] GetSlap(System.String, System.String) on controller ImagineBreaker.Server.Controllers.FunController (ImagineBreaker.Server).
[Aug 25 - 08:23:29 AM] [INFO] [Microsoft.AspNetCore.Mvc.Infrastructure.FileContentResultExecutor] Executing Microsoft.AspNetCore.Mvc.FileContentResult, sending file with download name '' ...
[Aug 25 - 08:23:29 AM] [INFO] [Microsoft.AspNetCore.Mvc.Infrastructure.ControllerActionInvoker] Executed action ImagineBreaker.Server.Controllers.FunController.GetSlap (ImagineBreaker.Server) in 3652.6266ms
[Aug 25 - 08:23:29 AM] [INFO] [Microsoft.AspNetCore.Routing.EndpointMiddleware] Executed endpoint 'ImagineBreaker.Server.Controllers.FunController.GetSlap (ImagineBreaker.Server)'
[Aug 25 - 08:23:29 AM] [INFO] [Microsoft.AspNetCore.Hosting.Diagnostics] Request finished in 4005.4693ms 200 image/png
[Aug 25 - 08:23:34 AM] [INFO] [Microsoft.AspNetCore.Hosting.Diagnostics] Request starting HTTP/1.1 GET http://localhost:9999/api/fun/slap?target=https://cdn.discordapp.com/avatars/139836912335716352/8da878f5b5f1e418f1cf72da078e9827.webp?size=2048&invoker=https://cdn.discordapp.com/avatars/126321762483830785/a_325dbf5c4d6eef61bc9996616dc391f8.gif?size=2048  
[Aug 25 - 08:23:34 AM] [INFO] [Microsoft.AspNetCore.Routing.EndpointMiddleware] Executing endpoint 'ImagineBreaker.Server.Controllers.FunController.GetSlap (ImagineBreaker.Server)'
[Aug 25 - 08:23:34 AM] [INFO] [Microsoft.AspNetCore.Mvc.Infrastructure.ControllerActionInvoker] Route matched with {action = "GetSlap", controller = "Fun"}. Executing controller action with signature System.Threading.Tasks.Task`1[Microsoft.AspNetCore.Mvc.ActionResult`1[System.String]] GetSlap(System.String, System.String) on controller ImagineBreaker.Server.Controllers.FunController (ImagineBreaker.Server).
[Aug 25 - 08:23:34 AM] [INFO] [Microsoft.AspNetCore.Mvc.Infrastructure.FileContentResultExecutor] Executing Microsoft.AspNetCore.Mvc.FileContentResult, sending file with download name '' ...
[Aug 25 - 08:23:34 AM] [INFO] [Microsoft.AspNetCore.Mvc.Infrastructure.ControllerActionInvoker] Executed action ImagineBreaker.Server.Controllers.FunController.GetSlap (ImagineBreaker.Server) in 265.296ms
[Aug 25 - 08:23:35 AM] [INFO] [Microsoft.AspNetCore.Routing.EndpointMiddleware] Executed endpoint 'ImagineBreaker.Server.Controllers.FunController.GetSlap (ImagineBreaker.Server)'
[Aug 25 - 08:23:35 AM] [INFO] [Microsoft.AspNetCore.Hosting.Diagnostics] Request finished in 281.1402ms 200 image/png
[Aug 25 - 08:23:37 AM] [INFO] [Microsoft.AspNetCore.Hosting.Diagnostics] Request starting HTTP/1.1 GET http://localhost:9999/api/fun/slap?target=https://cdn.discordapp.com/avatars/139836912335716352/8da878f5b5f1e418f1cf72da078e9827.webp?size=2048&invoker=https://cdn.discordapp.com/avatars/126321762483830785/a_325dbf5c4d6eef61bc9996616dc391f8.gif?size=2048  
[Aug 25 - 08:23:37 AM] [INFO] [Microsoft.AspNetCore.Routing.EndpointMiddleware] Executing endpoint 'ImagineBreaker.Server.Controllers.FunController.GetSlap (ImagineBreaker.Server)'
[Aug 25 - 08:23:37 AM] [INFO] [Microsoft.AspNetCore.Mvc.Infrastructure.ControllerActionInvoker] Route matched with {action = "GetSlap", controller = "Fun"}. Executing controller action with signature System.Threading.Tasks.Task`1[Microsoft.AspNetCore.Mvc.ActionResult`1[System.String]] GetSlap(System.String, System.String) on controller ImagineBreaker.Server.Controllers.FunController (ImagineBreaker.Server).
[Aug 25 - 08:23:38 AM] [INFO] [Microsoft.AspNetCore.Mvc.Infrastructure.FileContentResultExecutor] Executing Microsoft.AspNetCore.Mvc.FileContentResult, sending file with download name '' ...
[Aug 25 - 08:23:38 AM] [INFO] [Microsoft.AspNetCore.Mvc.Infrastructure.ControllerActionInvoker] Executed action ImagineBreaker.Server.Controllers.FunController.GetSlap (ImagineBreaker.Server) in 277.8922ms
[Aug 25 - 08:23:38 AM] [INFO] [Microsoft.AspNetCore.Routing.EndpointMiddleware] Executed endpoint 'ImagineBreaker.Server.Controllers.FunController.GetSlap (ImagineBreaker.Server)'
[Aug 25 - 08:23:38 AM] [INFO] [Microsoft.AspNetCore.Hosting.Diagnostics] Request finished in 319.00460000000004ms 200 image/png
[Aug 25 - 08:23:48 AM] [USGU] [PerformanceManager] Current Usage -=- Memory: 202.6MB =-= CPU: 0.00%
[Aug 25 - 08:24:48 AM] [USGU] [PerformanceManager] Current Usage -=- Memory: 183.3MB =-= CPU: 0.00%
[Aug 25 - 08:24:51 AM] [INFO] [Microsoft.Hosting.Lifetime] Application is shutting down...
[Aug 25 - 08:26:39 AM] [WARN] [Microsoft.AspNetCore.Server.Kestrel] Overriding address(es) 'https://localhost:9999'. Binding to endpoints defined in UseKestrel() instead.
[Aug 25 - 08:26:39 AM] [INFO] [Microsoft.Hosting.Lifetime] Now listening on: http://[::]:9999
[Aug 25 - 08:26:39 AM] [INFO] [Microsoft.Hosting.Lifetime] Application started. Press Ctrl+C to shut down.
[Aug 25 - 08:26:39 AM] [INFO] [Microsoft.Hosting.Lifetime] Hosting environment: Development
[Aug 25 - 08:26:39 AM] [INFO] [Microsoft.Hosting.Lifetime] Content root path: D:\Development\WEBDEV\Personal\ImagineBreaker\ImagineBreaker.Server
[Aug 25 - 08:27:39 AM] [USGU] [PerformanceManager] Current Usage -=- Memory: 84.5MB =-= CPU: 0.00%
[Aug 25 - 08:28:39 AM] [USGU] [PerformanceManager] Current Usage -=- Memory: 84.6MB =-= CPU: 2.60%
[Aug 25 - 08:29:10 AM] [INFO] [Microsoft.AspNetCore.Hosting.Diagnostics] Request starting HTTP/1.1 GET http://localhost:9999/api/fun/slap?target=https://cdn.discordapp.com/avatars/139836912335716352/8da878f5b5f1e418f1cf72da078e9827.webp?size=2048&invoker=https://cdn.discordapp.com/avatars/126321762483830785/a_325dbf5c4d6eef61bc9996616dc391f8.gif?size=2048  
[Aug 25 - 08:29:10 AM] [WARN] [Microsoft.AspNetCore.HttpsPolicy.HttpsRedirectionMiddleware] Failed to determine the https port for redirect.
[Aug 25 - 08:29:10 AM] [INFO] [Microsoft.AspNetCore.Routing.EndpointMiddleware] Executing endpoint 'ImagineBreaker.Server.Controllers.FunController.GetSlap (ImagineBreaker.Server)'
[Aug 25 - 08:29:11 AM] [INFO] [Microsoft.AspNetCore.Mvc.Infrastructure.ControllerActionInvoker] Route matched with {action = "GetSlap", controller = "Fun"}. Executing controller action with signature System.Threading.Tasks.Task`1[Microsoft.AspNetCore.Mvc.ActionResult`1[System.String]] GetSlap(System.String, System.String) on controller ImagineBreaker.Server.Controllers.FunController (ImagineBreaker.Server).
[Aug 25 - 08:29:14 AM] [INFO] [Microsoft.AspNetCore.Mvc.Infrastructure.FileContentResultExecutor] Executing Microsoft.AspNetCore.Mvc.FileContentResult, sending file with download name '' ...
[Aug 25 - 08:29:14 AM] [INFO] [Microsoft.AspNetCore.Mvc.Infrastructure.ControllerActionInvoker] Executed action ImagineBreaker.Server.Controllers.FunController.GetSlap (ImagineBreaker.Server) in 3432.9102000000003ms
[Aug 25 - 08:29:14 AM] [INFO] [Microsoft.AspNetCore.Routing.EndpointMiddleware] Executed endpoint 'ImagineBreaker.Server.Controllers.FunController.GetSlap (ImagineBreaker.Server)'
[Aug 25 - 08:29:14 AM] [INFO] [Microsoft.AspNetCore.Hosting.Diagnostics] Request finished in 4155.382500000001ms 200 image/png
[Aug 25 - 08:29:39 AM] [USGU] [PerformanceManager] Current Usage -=- Memory: 182.3MB =-= CPU: 0.00%
[Aug 25 - 08:29:42 AM] [INFO] [Microsoft.AspNetCore.Hosting.Diagnostics] Request starting HTTP/1.1 GET http://localhost:9999/api/fun/slap?target=https://cdn.discordapp.com/avatars/139836912335716352/8da878f5b5f1e418f1cf72da078e9827.webp?size=2048&invoker=https://cdn.discordapp.com/avatars/126321762483830785/a_325dbf5c4d6eef61bc9996616dc391f8.gif?size=2048  
[Aug 25 - 08:29:42 AM] [INFO] [Microsoft.AspNetCore.Routing.EndpointMiddleware] Executing endpoint 'ImagineBreaker.Server.Controllers.FunController.GetSlap (ImagineBreaker.Server)'
[Aug 25 - 08:29:42 AM] [INFO] [Microsoft.AspNetCore.Mvc.Infrastructure.ControllerActionInvoker] Route matched with {action = "GetSlap", controller = "Fun"}. Executing controller action with signature System.Threading.Tasks.Task`1[Microsoft.AspNetCore.Mvc.ActionResult`1[System.String]] GetSlap(System.String, System.String) on controller ImagineBreaker.Server.Controllers.FunController (ImagineBreaker.Server).
[Aug 25 - 08:29:43 AM] [INFO] [Microsoft.AspNetCore.Mvc.Infrastructure.FileContentResultExecutor] Executing Microsoft.AspNetCore.Mvc.FileContentResult, sending file with download name '' ...
[Aug 25 - 08:29:43 AM] [INFO] [Microsoft.AspNetCore.Mvc.Infrastructure.ControllerActionInvoker] Executed action ImagineBreaker.Server.Controllers.FunController.GetSlap (ImagineBreaker.Server) in 298.89250000000004ms
[Aug 25 - 08:29:43 AM] [INFO] [Microsoft.AspNetCore.Routing.EndpointMiddleware] Executed endpoint 'ImagineBreaker.Server.Controllers.FunController.GetSlap (ImagineBreaker.Server)'
[Aug 25 - 08:29:43 AM] [INFO] [Microsoft.AspNetCore.Hosting.Diagnostics] Request finished in 312.37350000000004ms 200 image/png
[Aug 25 - 08:30:29 AM] [INFO] [Microsoft.AspNetCore.Hosting.Diagnostics] Request starting HTTP/1.1 GET http://localhost:9999/api/fun/slap?target=https://cdn.discordapp.com/avatars/354755749680775168/7c57de9625a391599d58ed49b3f57f44.webp?size=2048&invoker=https://cdn.discordapp.com/avatars/270010330782892032/a6caf266d5fb1d68a38316364bea3169.webp?size=2048  
[Aug 25 - 08:30:29 AM] [INFO] [Microsoft.AspNetCore.Routing.EndpointMiddleware] Executing endpoint 'ImagineBreaker.Server.Controllers.FunController.GetSlap (ImagineBreaker.Server)'
[Aug 25 - 08:30:29 AM] [INFO] [Microsoft.AspNetCore.Mvc.Infrastructure.ControllerActionInvoker] Route matched with {action = "GetSlap", controller = "Fun"}. Executing controller action with signature System.Threading.Tasks.Task`1[Microsoft.AspNetCore.Mvc.ActionResult`1[System.String]] GetSlap(System.String, System.String) on controller ImagineBreaker.Server.Controllers.FunController (ImagineBreaker.Server).
[Aug 25 - 08:30:30 AM] [INFO] [Microsoft.AspNetCore.Mvc.Infrastructure.FileContentResultExecutor] Executing Microsoft.AspNetCore.Mvc.FileContentResult, sending file with download name '' ...
[Aug 25 - 08:30:30 AM] [INFO] [Microsoft.AspNetCore.Mvc.Infrastructure.ControllerActionInvoker] Executed action ImagineBreaker.Server.Controllers.FunController.GetSlap (ImagineBreaker.Server) in 451.5667ms
[Aug 25 - 08:30:30 AM] [INFO] [Microsoft.AspNetCore.Routing.EndpointMiddleware] Executed endpoint 'ImagineBreaker.Server.Controllers.FunController.GetSlap (ImagineBreaker.Server)'
[Aug 25 - 08:30:30 AM] [INFO] [Microsoft.AspNetCore.Hosting.Diagnostics] Request finished in 659.0931ms 200 image/png
[Aug 25 - 08:30:39 AM] [USGU] [PerformanceManager] Current Usage -=- Memory: 326.6MB =-= CPU: 18.23%
[Aug 25 - 08:31:01 AM] [INFO] [Microsoft.Hosting.Lifetime] Application is shutting down...
[Aug 25 - 08:31:53 AM] [WARN] [Microsoft.AspNetCore.Server.Kestrel] Overriding address(es) 'https://localhost:9999'. Binding to endpoints defined in UseKestrel() instead.
[Aug 25 - 08:31:53 AM] [INFO] [Microsoft.Hosting.Lifetime] Now listening on: http://[::]:9999
[Aug 25 - 08:31:53 AM] [INFO] [Microsoft.Hosting.Lifetime] Application started. Press Ctrl+C to shut down.
[Aug 25 - 08:31:53 AM] [INFO] [Microsoft.Hosting.Lifetime] Hosting environment: Development
[Aug 25 - 08:31:53 AM] [INFO] [Microsoft.Hosting.Lifetime] Content root path: D:\Development\WEBDEV\Personal\ImagineBreaker\ImagineBreaker.Server
[Aug 25 - 08:32:53 AM] [USGU] [PerformanceManager] Current Usage -=- Memory: 226.5MB =-= CPU: 0.00%
[Aug 25 - 08:33:07 AM] [INFO] [Microsoft.AspNetCore.Hosting.Diagnostics] Request starting HTTP/1.1 GET http://localhost:9999/api/fun/slap?target=https://cdn.discordapp.com/avatars/354755749680775168/7c57de9625a391599d58ed49b3f57f44.webp?size=2048&invoker=https://cdn.discordapp.com/avatars/270010330782892032/a6caf266d5fb1d68a38316364bea3169.webp?size=2048  
[Aug 25 - 08:33:07 AM] [WARN] [Microsoft.AspNetCore.HttpsPolicy.HttpsRedirectionMiddleware] Failed to determine the https port for redirect.
[Aug 25 - 08:33:07 AM] [INFO] [Microsoft.AspNetCore.Routing.EndpointMiddleware] Executing endpoint 'ImagineBreaker.Server.Controllers.FunController.GetSlap (ImagineBreaker.Server)'
[Aug 25 - 08:33:08 AM] [INFO] [Microsoft.AspNetCore.Mvc.Infrastructure.ControllerActionInvoker] Route matched with {action = "GetSlap", controller = "Fun"}. Executing controller action with signature System.Threading.Tasks.Task`1[Microsoft.AspNetCore.Mvc.ActionResult`1[System.String]] GetSlap(System.String, System.String) on controller ImagineBreaker.Server.Controllers.FunController (ImagineBreaker.Server).
[Aug 25 - 08:33:12 AM] [INFO] [Microsoft.AspNetCore.Mvc.Infrastructure.FileContentResultExecutor] Executing Microsoft.AspNetCore.Mvc.FileContentResult, sending file with download name '' ...
[Aug 25 - 08:33:12 AM] [INFO] [Microsoft.AspNetCore.Mvc.Infrastructure.ControllerActionInvoker] Executed action ImagineBreaker.Server.Controllers.FunController.GetSlap (ImagineBreaker.Server) in 4157.5397ms
[Aug 25 - 08:33:12 AM] [INFO] [Microsoft.AspNetCore.Routing.EndpointMiddleware] Executed endpoint 'ImagineBreaker.Server.Controllers.FunController.GetSlap (ImagineBreaker.Server)'
[Aug 25 - 08:33:12 AM] [INFO] [Microsoft.AspNetCore.Hosting.Diagnostics] Request finished in 4567.0650000000005ms 200 image/png
[Aug 25 - 08:33:15 AM] [INFO] [Microsoft.AspNetCore.Hosting.Diagnostics] Request starting HTTP/1.1 GET http://localhost:9999/api/fun/slap?target=https://cdn.discordapp.com/avatars/354755749680775168/7c57de9625a391599d58ed49b3f57f44.webp?size=2048&invoker=https://cdn.discordapp.com/avatars/270010330782892032/a6caf266d5fb1d68a38316364bea3169.webp?size=2048  
[Aug 25 - 08:33:15 AM] [INFO] [Microsoft.AspNetCore.Routing.EndpointMiddleware] Executing endpoint 'ImagineBreaker.Server.Controllers.FunController.GetSlap (ImagineBreaker.Server)'
[Aug 25 - 08:33:15 AM] [INFO] [Microsoft.AspNetCore.Mvc.Infrastructure.ControllerActionInvoker] Route matched with {action = "GetSlap", controller = "Fun"}. Executing controller action with signature System.Threading.Tasks.Task`1[Microsoft.AspNetCore.Mvc.ActionResult`1[System.String]] GetSlap(System.String, System.String) on controller ImagineBreaker.Server.Controllers.FunController (ImagineBreaker.Server).
[Aug 25 - 08:33:15 AM] [INFO] [Microsoft.AspNetCore.Mvc.Infrastructure.FileContentResultExecutor] Executing Microsoft.AspNetCore.Mvc.FileContentResult, sending file with download name '' ...
[Aug 25 - 08:33:15 AM] [INFO] [Microsoft.AspNetCore.Mvc.Infrastructure.ControllerActionInvoker] Executed action ImagineBreaker.Server.Controllers.FunController.GetSlap (ImagineBreaker.Server) in 630.2946000000001ms
[Aug 25 - 08:33:15 AM] [INFO] [Microsoft.AspNetCore.Routing.EndpointMiddleware] Executed endpoint 'ImagineBreaker.Server.Controllers.FunController.GetSlap (ImagineBreaker.Server)'
[Aug 25 - 08:33:15 AM] [INFO] [Microsoft.AspNetCore.Hosting.Diagnostics] Request finished in 668.428ms 200 image/png
[Aug 25 - 08:33:16 AM] [INFO] [Microsoft.AspNetCore.Hosting.Diagnostics] Request starting HTTP/1.1 GET http://localhost:9999/api/fun/slap?target=https://cdn.discordapp.com/avatars/354755749680775168/7c57de9625a391599d58ed49b3f57f44.webp?size=2048&invoker=https://cdn.discordapp.com/avatars/270010330782892032/a6caf266d5fb1d68a38316364bea3169.webp?size=2048  
[Aug 25 - 08:33:16 AM] [INFO] [Microsoft.AspNetCore.Routing.EndpointMiddleware] Executing endpoint 'ImagineBreaker.Server.Controllers.FunController.GetSlap (ImagineBreaker.Server)'
[Aug 25 - 08:33:16 AM] [INFO] [Microsoft.AspNetCore.Mvc.Infrastructure.ControllerActionInvoker] Route matched with {action = "GetSlap", controller = "Fun"}. Executing controller action with signature System.Threading.Tasks.Task`1[Microsoft.AspNetCore.Mvc.ActionResult`1[System.String]] GetSlap(System.String, System.String) on controller ImagineBreaker.Server.Controllers.FunController (ImagineBreaker.Server).
[Aug 25 - 08:33:17 AM] [INFO] [Microsoft.AspNetCore.Mvc.Infrastructure.FileContentResultExecutor] Executing Microsoft.AspNetCore.Mvc.FileContentResult, sending file with download name '' ...
[Aug 25 - 08:33:17 AM] [INFO] [Microsoft.AspNetCore.Mvc.Infrastructure.ControllerActionInvoker] Executed action ImagineBreaker.Server.Controllers.FunController.GetSlap (ImagineBreaker.Server) in 235.94150000000002ms
[Aug 25 - 08:33:17 AM] [INFO] [Microsoft.AspNetCore.Routing.EndpointMiddleware] Executed endpoint 'ImagineBreaker.Server.Controllers.FunController.GetSlap (ImagineBreaker.Server)'
[Aug 25 - 08:33:17 AM] [INFO] [Microsoft.AspNetCore.Hosting.Diagnostics] Request finished in 561.1840000000001ms 200 image/png
[Aug 25 - 08:33:20 AM] [INFO] [Microsoft.AspNetCore.Hosting.Diagnostics] Request starting HTTP/1.1 GET http://localhost:9999/api/fun/slap?target=https://cdn.discordapp.com/avatars/354755749680775168/7c57de9625a391599d58ed49b3f57f44.webp?size=2048&invoker=https://cdn.discordapp.com/avatars/270010330782892032/a6caf266d5fb1d68a38316364bea3169.webp?size=2048  
[Aug 25 - 08:33:20 AM] [INFO] [Microsoft.AspNetCore.Routing.EndpointMiddleware] Executing endpoint 'ImagineBreaker.Server.Controllers.FunController.GetSlap (ImagineBreaker.Server)'
[Aug 25 - 08:33:20 AM] [INFO] [Microsoft.AspNetCore.Mvc.Infrastructure.ControllerActionInvoker] Route matched with {action = "GetSlap", controller = "Fun"}. Executing controller action with signature System.Threading.Tasks.Task`1[Microsoft.AspNetCore.Mvc.ActionResult`1[System.String]] GetSlap(System.String, System.String) on controller ImagineBreaker.Server.Controllers.FunController (ImagineBreaker.Server).
[Aug 25 - 08:33:20 AM] [INFO] [Microsoft.AspNetCore.Mvc.Infrastructure.FileContentResultExecutor] Executing Microsoft.AspNetCore.Mvc.FileContentResult, sending file with download name '' ...
[Aug 25 - 08:33:20 AM] [INFO] [Microsoft.AspNetCore.Mvc.Infrastructure.ControllerActionInvoker] Executed action ImagineBreaker.Server.Controllers.FunController.GetSlap (ImagineBreaker.Server) in 315.5416ms
[Aug 25 - 08:33:20 AM] [INFO] [Microsoft.AspNetCore.Routing.EndpointMiddleware] Executed endpoint 'ImagineBreaker.Server.Controllers.FunController.GetSlap (ImagineBreaker.Server)'
[Aug 25 - 08:33:20 AM] [INFO] [Microsoft.AspNetCore.Hosting.Diagnostics] Request finished in 568.6837ms 200 image/png
[Aug 25 - 08:33:53 AM] [USGU] [PerformanceManager] Current Usage -=- Memory: 329.1MB =-= CPU: 0.00%
[Aug 25 - 08:34:52 AM] [USGU] [PerformanceManager] Current Usage -=- Memory: 328.9MB =-= CPU: 13.04%
[Aug 25 - 08:35:11 AM] [INFO] [Microsoft.Hosting.Lifetime] Application is shutting down...
[Aug 25 - 11:41:10 AM] [WARN] [Microsoft.AspNetCore.Server.Kestrel] Overriding address(es) 'https://localhost:9999'. Binding to endpoints defined in UseKestrel() instead.
[Aug 25 - 11:41:10 AM] [INFO] [Microsoft.Hosting.Lifetime] Now listening on: http://[::]:9999
[Aug 25 - 11:41:10 AM] [INFO] [Microsoft.Hosting.Lifetime] Application started. Press Ctrl+C to shut down.
[Aug 25 - 11:41:10 AM] [INFO] [Microsoft.Hosting.Lifetime] Hosting environment: Development
[Aug 25 - 11:41:10 AM] [INFO] [Microsoft.Hosting.Lifetime] Content root path: D:\Development\WEBDEV\Personal\ImagineBreaker\ImagineBreaker.Server
[Aug 25 - 11:41:17 AM] [INFO] [Microsoft.AspNetCore.Hosting.Diagnostics] Request starting HTTP/1.1 GET http://localhost:9999/api/fun/slap?target=https://cdn.discordapp.com/avatars/354755749680775168/7c57de9625a391599d58ed49b3f57f44.webp?size=2048&invoker=https://cdn.discordapp.com/avatars/270010330782892032/a6caf266d5fb1d68a38316364bea3169.webp?size=2048  
[Aug 25 - 11:41:17 AM] [WARN] [Microsoft.AspNetCore.HttpsPolicy.HttpsRedirectionMiddleware] Failed to determine the https port for redirect.
[Aug 25 - 11:41:17 AM] [INFO] [Microsoft.AspNetCore.Routing.EndpointMiddleware] Executing endpoint 'ImagineBreaker.Server.Controllers.FunController.GetSlap (ImagineBreaker.Server)'
[Aug 25 - 11:41:17 AM] [INFO] [Microsoft.AspNetCore.Mvc.Infrastructure.ControllerActionInvoker] Route matched with {action = "GetSlap", controller = "Fun"}. Executing controller action with signature System.Threading.Tasks.Task`1[Microsoft.AspNetCore.Mvc.ActionResult`1[System.String]] GetSlap(System.String, System.String) on controller ImagineBreaker.Server.Controllers.FunController (ImagineBreaker.Server).
[Aug 25 - 11:41:17 AM] [INFO] [Microsoft.AspNetCore.Mvc.Infrastructure.ControllerActionInvoker] Executed action ImagineBreaker.Server.Controllers.FunController.GetSlap (ImagineBreaker.Server) in 135.10920000000002ms
[Aug 25 - 11:41:17 AM] [INFO] [Microsoft.AspNetCore.Routing.EndpointMiddleware] Executed endpoint 'ImagineBreaker.Server.Controllers.FunController.GetSlap (ImagineBreaker.Server)'
[Aug 25 - 11:41:17 AM] [EROR] [Microsoft.AspNetCore.Diagnostics.DeveloperExceptionPageMiddleware] ImageMagick.MagickBlobErrorException: unable to open image './Assets/Images/Slap/slap_mask.png': No such file or directory @ error/blob.c/OpenBlob/3497
   at ImageMagick.NativeInstance.CheckException(IntPtr exception, IntPtr result)
   at ImageMagick.MagickImage.NativeMagickImage.ReadFile(MagickSettings settings)
   at ImageMagick.MagickImage.Read(String fileName, MagickReadSettings readSettings, Boolean ping)
   at ImageMagick.MagickImage.Read(String fileName, MagickReadSettings readSettings)
   at ImageMagick.MagickImage.Read(String fileName)
   at ImageMagick.MagickImage..ctor(String fileName)
   at ImagineBreaker.Images.Generators.Images.Fun.SlapImage.GenerateAsync(String target, String invoker) in D:\Development\WEBDEV\Personal\ImagineBreaker\ImagineBreaker.Images\Generators\Images\Fun\Slap.cs:line 17
   at ImagineBreaker.Server.Controllers.FunController.GetSlap(String target, String invoker) in D:\Development\WEBDEV\Personal\ImagineBreaker\ImagineBreaker.Server\Controllers\FunController.cs:line 13
   at lambda_method(Closure , Object )
   at Microsoft.Extensions.Internal.ObjectMethodExecutorAwaitable.Awaiter.GetResult()
   at Microsoft.AspNetCore.Mvc.Infrastructure.ActionMethodExecutor.AwaitableObjectResultExecutor.Execute(IActionResultTypeMapper mapper, ObjectMethodExecutor executor, Object controller, Object[] arguments)
   at Microsoft.AspNetCore.Mvc.Infrastructure.ControllerActionInvoker.<InvokeActionMethodAsync>g__Awaited|12_0(ControllerActionInvoker invoker, ValueTask`1 actionResultValueTask)
   at Microsoft.AspNetCore.Mvc.Infrastructure.ControllerActionInvoker.<InvokeNextActionFilterAsync>g__Awaited|10_0(ControllerActionInvoker invoker, Task lastTask, State next, Scope scope, Object state, Boolean isCompleted)
   at Microsoft.AspNetCore.Mvc.Infrastructure.ControllerActionInvoker.Rethrow(ActionExecutedContextSealed context)
   at Microsoft.AspNetCore.Mvc.Infrastructure.ControllerActionInvoker.Next(State& next, Scope& scope, Object& state, Boolean& isCompleted)
   at Microsoft.AspNetCore.Mvc.Infrastructure.ControllerActionInvoker.InvokeInnerFilterAsync()
--- End of stack trace from previous location where exception was thrown ---
   at Microsoft.AspNetCore.Mvc.Infrastructure.ResourceInvoker.<InvokeFilterPipelineAsync>g__Awaited|19_0(ResourceInvoker invoker, Task lastTask, State next, Scope scope, Object state, Boolean isCompleted)
   at Microsoft.AspNetCore.Mvc.Infrastructure.ResourceInvoker.<InvokeAsync>g__Logged|17_1(ResourceInvoker invoker)
   at Microsoft.AspNetCore.Routing.EndpointMiddleware.<Invoke>g__AwaitRequestTask|6_0(Endpoint endpoint, Task requestTask, ILogger logger)
   at Microsoft.AspNetCore.Authorization.AuthorizationMiddleware.Invoke(HttpContext context)
   at Microsoft.AspNetCore.Diagnostics.DeveloperExceptionPageMiddleware.Invoke(HttpContext context)
[Aug 25 - 11:41:17 AM] [INFO] [Microsoft.AspNetCore.Hosting.Diagnostics] Request finished in 413.3417ms 500 text/plain
[Aug 25 - 11:42:10 AM] [USGU] [PerformanceManager] Current Usage -=- Memory: 2.8MB =-= CPU: 0.00%
[Aug 25 - 11:43:10 AM] [USGU] [PerformanceManager] Current Usage -=- Memory: 2.8MB =-= CPU: 0.00%
